<testsuite name="jenkinstest-test-suite" time="1.018" failures="0" errors="0" skipped="0" tests="2">
  <properties>
    <property key="java.runtime.name" value="Java(TM) SE Runtime Environment"/>
    <property key="sun.boot.library.path" value="C:\Program Files\Java\jdk1.8.0_151\jre\bin"/>
    <property key="java.vm.version" value="25.151-b12"/>
    <property key="maven.multiModuleProjectDirectory" value="C:\Users\sajonnala.US\Desktop\JenkinsTest-Task\JenkinsTest"/>
    <property key="java.vm.vendor" value="Oracle Corporation"/>
    <property key="java.vendor.url" value="http://java.oracle.com/"/>
    <property key="guice.disable.misplaced.annotation.check" value="true"/>
    <property key="path.separator" value=";"/>
    <property key="java.vm.name" value="Java HotSpot(TM) 64-Bit Server VM"/>
    <property key="file.encoding.pkg" value="sun.io"/>
    <property key="user.country" value="US"/>
    <property key="user.script" value=""/>
    <property key="sun.java.launcher" value="SUN_STANDARD"/>
    <property key="sun.os.patch.level" value=""/>
    <property key="java.vm.specification.name" value="Java Virtual Machine Specification"/>
    <property key="user.dir" value="C:\Users\sajonnala.US\Desktop\JenkinsTest-Task\JenkinsTest"/>
    <property key="java.runtime.version" value="1.8.0_151-b12"/>
    <property key="java.awt.graphicsenv" value="sun.awt.Win32GraphicsEnvironment"/>
    <property key="java.endorsed.dirs" value="C:\Program Files\Java\jdk1.8.0_151\jre\lib\endorsed"/>
    <property key="os.arch" value="amd64"/>
    <property key="java.io.tmpdir" value="C:\Users\SAJONN~1.US\AppData\Local\Temp\"/>
    <property key="line.separator" value="&#xd;&#xa;"/>
    <property key="java.vm.specification.vendor" value="Oracle Corporation"/>
    <property key="user.variant" value=""/>
    <property key="os.name" value="Windows 10"/>
    <property key="classworlds.conf" value="C:\Users\sajonnala\Deloitte_JSP\Softwares\apache-maven-3.5.2-bin\apache-maven-3.5.2\bin\..\bin\m2.conf"/>
    <property key="sun.jnu.encoding" value="Cp1252"/>
    <property key="java.library.path" value="C:\Program Files\Java\jdk1.8.0_151\bin;C:\WINDOWS\Sun\Java\bin;C:\WINDOWS\system32;C:\WINDOWS;C:\WINDOWS\system32;C:\WINDOWS;C:\WINDOWS\System32\Wbem;C:\Program Files\Java\jdk1.8.0_151\bin;C:\Program Files (x86)\Common Files\Oracle\Java\javapath;C:\Program Files (x86)\Intel\iCLS Client\;C:\Users\sajonnala\Deloitte_JSP\Softwares\apache-maven-3.5.2-bin\apache-maven-3.5.2\bin;C:\oraclexe\app\oracle\product\11.2.0\server\bin;C:\Program Files\Intel\iCLS Client\;C:\WINDOWS\system32;C:\WINDOWS;C:\WINDOWS\System32\Wbem;C:\WINDOWS\System32\WindowsPowerShell\v1.0\;&quot;C:\Users\sajonnala\AppData\Local\Microsoft\WindowsApps;C:\ProgramData\Oracle\Java\javapath;C:\Users\sajonnala\Deloitte_JSP\Softwares\mule-enterprise-standalone-3.9.0\bin;.;&quot;;C:\Program Files (x86)\Gpg4win\..\GnuPG\bin;C:\Program Files (x86)\Intel\Intel(R) Management Engine Components\DAL;C:\Program Files\Intel\Intel(R) Management Engine Components\DAL;C:\Program Files (x86)\Intel\Intel(R) Management Engine Components\IPT;C:\Program Files\Intel\Intel(R) Management Engine Components\IPT;C:\Program Files\Git\cmd;C:\Program Files\MySQL\MySQL Server 8.0\bin;C:\Users\sajonnala\Deloitte_JSP\Softwares\apache-tomcat-7.0.90\apache-tomcat-7.0.90\bin;C:\Users\sajonnala.US\AppData\Local\Microsoft\WindowsApps;;."/>
    <property key="maven.conf" value="C:\Users\sajonnala\Deloitte_JSP\Softwares\apache-maven-3.5.2-bin\apache-maven-3.5.2\bin\../conf"/>
    <property key="java.specification.name" value="Java Platform API Specification"/>
    <property key="java.class.version" value="52.0"/>
    <property key="sun.management.compiler" value="HotSpot 64-Bit Tiered Compilers"/>
    <property key="os.version" value="10.0"/>
    <property key="library.jansi.path" value="C:\Users\sajonnala\Deloitte_JSP\Softwares\apache-maven-3.5.2-bin\apache-maven-3.5.2\bin\..\lib\jansi-native"/>
    <property key="user.home" value="C:\Users\sajonnala.US"/>
    <property key="user.timezone" value="Asia/Calcutta"/>
    <property key="java.awt.printerjob" value="sun.awt.windows.WPrinterJob"/>
    <property key="file.encoding" value="Cp1252"/>
    <property key="java.specification.version" value="1.8"/>
    <property key="java.class.path" value="C:\Users\sajonnala\Deloitte_JSP\Softwares\apache-maven-3.5.2-bin\apache-maven-3.5.2\bin\..\boot\plexus-classworlds-2.5.2.jar"/>
    <property key="user.name" value="sajonnala"/>
    <property key="java.vm.specification.version" value="1.8"/>
    <property key="sun.java.command" value="org.codehaus.plexus.classworlds.launcher.Launcher package"/>
    <property key="java.home" value="C:\Program Files\Java\jdk1.8.0_151\jre"/>
    <property key="sun.arch.data.model" value="64"/>
    <property key="user.language" value="en"/>
    <property key="java.specification.vendor" value="Oracle Corporation"/>
    <property key="awt.toolkit" value="sun.awt.windows.WToolkit"/>
    <property key="java.vm.info" value="mixed mode"/>
    <property key="java.version" value="1.8.0_151"/>
    <property key="java.ext.dirs" value="C:\Program Files\Java\jdk1.8.0_151\jre\lib\ext;C:\WINDOWS\Sun\Java\lib\ext"/>
    <property key="sun.boot.class.path" value="C:\Program Files\Java\jdk1.8.0_151\jre\lib\resources.jar;C:\Program Files\Java\jdk1.8.0_151\jre\lib\rt.jar;C:\Program Files\Java\jdk1.8.0_151\jre\lib\sunrsasign.jar;C:\Program Files\Java\jdk1.8.0_151\jre\lib\jsse.jar;C:\Program Files\Java\jdk1.8.0_151\jre\lib\jce.jar;C:\Program Files\Java\jdk1.8.0_151\jre\lib\charsets.jar;C:\Program Files\Java\jdk1.8.0_151\jre\lib\jfr.jar;C:\Program Files\Java\jdk1.8.0_151\jre\classes"/>
    <property key="java.vendor" value="Oracle Corporation"/>
    <property key="sun.stderr.encoding" value="cp437"/>
    <property key="maven.home" value="C:\Users\sajonnala\Deloitte_JSP\Softwares\apache-maven-3.5.2-bin\apache-maven-3.5.2\bin\.."/>
    <property key="file.separator" value="\"/>
    <property key="java.vendor.url.bug" value="http://bugreport.sun.com/bugreport/"/>
    <property key="sun.io.unicode.encoding" value="UnicodeLittle"/>
    <property key="sun.cpu.endian" value="little"/>
    <property key="sun.stdout.encoding" value="cp437"/>
    <property key="sun.desktop" value="windows"/>
    <property key="sun.cpu.isalist" value="amd64"/>
    <property key="mule.testingMode" value="true"/>
    <property key="mule.working.dir" value="C:\Users\sajonnala.US\Desktop\JenkinsTest-Task\JenkinsTest\target\.mule"/>
  </properties>
  <testcase time="0.016" name="jenkinstest-test-suiteTest" classname="jenkinstest-test-suite"/>
  <testcase time="0.141" name="jenkinstest-test-suite-jenkinstestFlowTest" classname="jenkinstest-test-suite"/>
</testsuite>